<?xml version="1.0" encoding="UTF-8"?>
<testng-results skipped="0" failed="0" ignored="0" total="1" passed="1">
  <reporter-output>
  </reporter-output>
  <suite name="BDD Test Suite" duration-ms="493" started-at="2019-06-08T19:33:40Z" finished-at="2019-06-08T19:33:41Z">
    <groups>
      <group name="cucumber">
        <method signature="TestRunner.feature(cucumber.api.testng.CucumberFeatureWrapper)[pri:0, instance:runner.TestRunner@6e1567f1]" name="feature" class="runner.TestRunner"/>
      </group> <!-- cucumber -->
    </groups>
    <test name="Zomato App Launch Test" duration-ms="493" started-at="2019-06-08T19:33:40Z" finished-at="2019-06-08T19:33:41Z">
      <class name="runner.TestRunner">
        <test-method status="PASS" signature="setUpClass()[pri:0, instance:runner.TestRunner@6e1567f1]" name="setUpClass" is-config="true" duration-ms="235" started-at="2019-06-08T19:33:40Z" finished-at="2019-06-08T19:33:41Z">
          <reporter-output>
          </reporter-output>
        </test-method> <!-- setUpClass -->
        <test-method status="PASS" signature="feature(cucumber.api.testng.CucumberFeatureWrapper)[pri:0, instance:runner.TestRunner@6e1567f1]" name="feature" duration-ms="133" started-at="2019-06-08T19:33:41Z" description="Runs Cucumber Feature" data-provider="features" finished-at="2019-06-08T19:33:41Z">
          <params>
            <param index="0">
              <value>
                <![CDATA[Launch Zomato application]]>
              </value>
            </param>
          </params>
          <reporter-output>
          </reporter-output>
        </test-method> <!-- feature -->
        <test-method status="PASS" signature="tearDownClass()[pri:0, instance:runner.TestRunner@6e1567f1]" name="tearDownClass" is-config="true" duration-ms="26" started-at="2019-06-08T19:33:41Z" finished-at="2019-06-08T19:33:41Z">
          <reporter-output>
          </reporter-output>
        </test-method> <!-- tearDownClass -->
      </class> <!-- runner.TestRunner -->
    </test> <!-- Zomato App Launch Test -->
  </suite> <!-- BDD Test Suite -->
</testng-results>
